\BOOKMARK [0][-]{chapter.1}{\376\377\000H\000i\000e\000r\000a\000r\000c\000h\000i\000c\000a\000l\000\040\000I\000n\000d\000e\000x}{}% 1
\BOOKMARK [1][-]{section.1.1}{\376\377\000C\000l\000a\000s\000s\000\040\000H\000i\000e\000r\000a\000r\000c\000h\000y}{chapter.1}% 2
\BOOKMARK [0][-]{chapter.2}{\376\377\000C\000l\000a\000s\000s\000\040\000I\000n\000d\000e\000x}{}% 3
\BOOKMARK [1][-]{section.2.1}{\376\377\000C\000l\000a\000s\000s\000\040\000L\000i\000s\000t}{chapter.2}% 4
\BOOKMARK [0][-]{chapter.3}{\376\377\000F\000i\000l\000e\000\040\000I\000n\000d\000e\000x}{}% 5
\BOOKMARK [1][-]{section.3.1}{\376\377\000F\000i\000l\000e\000\040\000L\000i\000s\000t}{chapter.3}% 6
\BOOKMARK [0][-]{chapter.4}{\376\377\000C\000l\000a\000s\000s\000\040\000D\000o\000c\000u\000m\000e\000n\000t\000a\000t\000i\000o\000n}{}% 7
\BOOKMARK [1][-]{section.4.1}{\376\377\000B\000f\000c\000P\000r\000o\000t\000o\000t\000y\000p\000e\000\040\000C\000l\000a\000s\000s\000\040\000R\000e\000f\000e\000r\000e\000n\000c\000e}{chapter.4}% 8
\BOOKMARK [2][-]{subsection.4.1.1}{\376\377\000D\000e\000t\000a\000i\000l\000e\000d\000\040\000D\000e\000s\000c\000r\000i\000p\000t\000i\000o\000n}{section.4.1}% 9
\BOOKMARK [2][-]{subsection.4.1.2}{\376\377\000C\000o\000n\000s\000t\000r\000u\000c\000t\000o\000r\000\040\000\046\000\040\000D\000e\000s\000t\000r\000u\000c\000t\000o\000r\000\040\000D\000o\000c\000u\000m\000e\000n\000t\000a\000t\000i\000o\000n}{section.4.1}% 10
\BOOKMARK [3][-]{subsubsection.4.1.2.1}{\376\377\000B\000f\000c\000P\000r\000o\000t\000o\000t\000y\000p\000e}{subsection.4.1.2}% 11
\BOOKMARK [3][-]{subsubsection.4.1.2.2}{\376\377\000B\000f\000c\000P\000r\000o\000t\000o\000t\000y\000p\000e}{subsection.4.1.2}% 12
\BOOKMARK [2][-]{subsection.4.1.3}{\376\377\000M\000e\000m\000b\000e\000r\000\040\000F\000u\000n\000c\000t\000i\000o\000n\000\040\000D\000o\000c\000u\000m\000e\000n\000t\000a\000t\000i\000o\000n}{section.4.1}% 13
\BOOKMARK [3][-]{subsubsection.4.1.3.1}{\376\377\000g\000e\000t\000E\000n\000d\000D\000a\000t\000e}{subsection.4.1.3}% 14
\BOOKMARK [3][-]{subsubsection.4.1.3.2}{\376\377\000g\000e\000t\000N\000u\000m\000O\000f\000T\000a\000s\000k\000C\000a\000n\000c\000e\000l\000l\000e\000d}{subsection.4.1.3}% 15
\BOOKMARK [3][-]{subsubsection.4.1.3.3}{\376\377\000g\000e\000t\000N\000u\000m\000O\000f\000T\000a\000s\000k\000U\000n\000c\000o\000m\000p\000l\000e\000t\000e}{subsection.4.1.3}% 16
\BOOKMARK [3][-]{subsubsection.4.1.3.4}{\376\377\000g\000e\000t\000R\000e\000c\000o\000r\000d\000L\000o\000a\000d\000e\000d}{subsection.4.1.3}% 17
\BOOKMARK [3][-]{subsubsection.4.1.3.5}{\376\377\000g\000e\000t\000S\000t\000a\000r\000t\000D\000a\000t\000e}{subsection.4.1.3}% 18
\BOOKMARK [3][-]{subsubsection.4.1.3.6}{\376\377\000g\000e\000t\000T\000a\000s\000k\000s}{subsection.4.1.3}% 19
\BOOKMARK [3][-]{subsubsection.4.1.3.7}{\376\377\000i\000n\000i\000t}{subsection.4.1.3}% 20
\BOOKMARK [3][-]{subsubsection.4.1.3.8}{\376\377\000r\000e\000a\000d\000S\000t\000a\000t\000e\000s}{subsection.4.1.3}% 21
\BOOKMARK [3][-]{subsubsection.4.1.3.9}{\376\377\000r\000e\000a\000d\000T\000a\000s\000k\000s}{subsection.4.1.3}% 22
\BOOKMARK [3][-]{subsubsection.4.1.3.10}{\376\377\000s\000e\000t\000E\000n\000d\000D\000a\000t\000e}{subsection.4.1.3}% 23
\BOOKMARK [3][-]{subsubsection.4.1.3.11}{\376\377\000s\000e\000t\000N\000u\000m\000O\000f\000T\000a\000s\000k\000C\000a\000n\000c\000e\000l\000l\000e\000d}{subsection.4.1.3}% 24
\BOOKMARK [3][-]{subsubsection.4.1.3.12}{\376\377\000s\000e\000t\000N\000u\000m\000O\000f\000T\000a\000s\000k\000U\000n\000c\000o\000m\000p\000l\000e\000t\000e}{subsection.4.1.3}% 25
\BOOKMARK [3][-]{subsubsection.4.1.3.13}{\376\377\000s\000e\000t\000R\000e\000c\000o\000r\000d\000L\000o\000a\000d\000e\000d}{subsection.4.1.3}% 26
\BOOKMARK [3][-]{subsubsection.4.1.3.14}{\376\377\000s\000e\000t\000S\000t\000a\000r\000t\000D\000a\000t\000e}{subsection.4.1.3}% 27
\BOOKMARK [2][-]{subsection.4.1.4}{\376\377\000M\000e\000m\000b\000e\000r\000\040\000D\000a\000t\000a\000\040\000D\000o\000c\000u\000m\000e\000n\000t\000a\000t\000i\000o\000n}{section.4.1}% 28
\BOOKMARK [3][-]{subsubsection.4.1.4.1}{\376\377\000e\000n\000d\000D\000a\000t\000e}{subsection.4.1.4}% 29
\BOOKMARK [3][-]{subsubsection.4.1.4.2}{\376\377\000m\000a\000x\000T\000a\000s\000k\000I\000n\000P\000r\000o\000g\000r\000e\000s\000s}{subsection.4.1.4}% 30
\BOOKMARK [3][-]{subsubsection.4.1.4.3}{\376\377\000n\000u\000m\000O\000f\000T\000a\000s\000k\000C\000a\000n\000c\000e\000l\000l\000e\000d}{subsection.4.1.4}% 31
\BOOKMARK [3][-]{subsubsection.4.1.4.4}{\376\377\000n\000u\000m\000O\000f\000T\000a\000s\000k\000U\000n\000c\000o\000m\000p\000l\000e\000t\000e}{subsection.4.1.4}% 32
\BOOKMARK [3][-]{subsubsection.4.1.4.5}{\376\377\000r\000e\000c\000o\000r\000d\000L\000o\000a\000d\000e\000d}{subsection.4.1.4}% 33
\BOOKMARK [3][-]{subsubsection.4.1.4.6}{\376\377\000s\000t\000a\000r\000t\000D\000a\000t\000e}{subsection.4.1.4}% 34
\BOOKMARK [3][-]{subsubsection.4.1.4.7}{\376\377\000t\000a\000s\000k\000s}{subsection.4.1.4}% 35
\BOOKMARK [1][-]{section.4.2}{\376\377\000B\000f\000c\000T\000U\000I\000\040\000C\000l\000a\000s\000s\000\040\000R\000e\000f\000e\000r\000e\000n\000c\000e}{chapter.4}% 36
\BOOKMARK [2][-]{subsection.4.2.1}{\376\377\000D\000e\000t\000a\000i\000l\000e\000d\000\040\000D\000e\000s\000c\000r\000i\000p\000t\000i\000o\000n}{section.4.2}% 37
\BOOKMARK [2][-]{subsection.4.2.2}{\376\377\000C\000o\000n\000s\000t\000r\000u\000c\000t\000o\000r\000\040\000\046\000\040\000D\000e\000s\000t\000r\000u\000c\000t\000o\000r\000\040\000D\000o\000c\000u\000m\000e\000n\000t\000a\000t\000i\000o\000n}{section.4.2}% 38
\BOOKMARK [3][-]{subsubsection.4.2.2.1}{\376\377\000B\000f\000c\000T\000U\000I}{subsection.4.2.2}% 39
\BOOKMARK [3][-]{subsubsection.4.2.2.2}{\376\377\000B\000f\000c\000T\000U\000I}{subsection.4.2.2}% 40
\BOOKMARK [2][-]{subsection.4.2.3}{\376\377\000M\000e\000m\000b\000e\000r\000\040\000F\000u\000n\000c\000t\000i\000o\000n\000\040\000D\000o\000c\000u\000m\000e\000n\000t\000a\000t\000i\000o\000n}{section.4.2}% 41
\BOOKMARK [3][-]{subsubsection.4.2.3.1}{\376\377\000b\000r\000i\000e\000f\000R\000e\000p\000o\000r\000t}{subsection.4.2.3}% 42
\BOOKMARK [3][-]{subsubsection.4.2.3.2}{\376\377\000p\000r\000i\000n\000t\000D\000a\000y}{subsection.4.2.3}% 43
\BOOKMARK [3][-]{subsubsection.4.2.3.3}{\376\377\000s\000h\000o\000w\000R\000e\000c\000o\000r\000d}{subsection.4.2.3}% 44
\BOOKMARK [3][-]{subsubsection.4.2.3.4}{\376\377\000t\000i\000m\000e\000l\000i\000n\000e}{subsection.4.2.3}% 45
\BOOKMARK [3][-]{subsubsection.4.2.3.5}{\376\377\000t\000i\000m\000e\000l\000i\000n\000e\000H\000o\000r}{subsection.4.2.3}% 46
\BOOKMARK [3][-]{subsubsection.4.2.3.6}{\376\377\000t\000i\000m\000e\000l\000i\000n\000e\000V\000e\000r}{subsection.4.2.3}% 47
\BOOKMARK [3][-]{subsubsection.4.2.3.7}{\376\377\000w\000r\000i\000t\000e\000R\000e\000c\000o\000r\000d}{subsection.4.2.3}% 48
\BOOKMARK [1][-]{section.4.3}{\376\377\000D\000a\000t\000e\000\040\000C\000l\000a\000s\000s\000\040\000R\000e\000f\000e\000r\000e\000n\000c\000e}{chapter.4}% 49
\BOOKMARK [2][-]{subsection.4.3.1}{\376\377\000D\000e\000t\000a\000i\000l\000e\000d\000\040\000D\000e\000s\000c\000r\000i\000p\000t\000i\000o\000n}{section.4.3}% 50
\BOOKMARK [2][-]{subsection.4.3.2}{\376\377\000C\000o\000n\000s\000t\000r\000u\000c\000t\000o\000r\000\040\000\046\000\040\000D\000e\000s\000t\000r\000u\000c\000t\000o\000r\000\040\000D\000o\000c\000u\000m\000e\000n\000t\000a\000t\000i\000o\000n}{section.4.3}% 51
\BOOKMARK [3][-]{subsubsection.4.3.2.1}{\376\377\000D\000a\000t\000e}{subsection.4.3.2}% 52
\BOOKMARK [3][-]{subsubsection.4.3.2.2}{\376\377\000D\000a\000t\000e}{subsection.4.3.2}% 53
\BOOKMARK [3][-]{subsubsection.4.3.2.3}{\376\377\000D\000a\000t\000e}{subsection.4.3.2}% 54
\BOOKMARK [3][-]{subsubsection.4.3.2.4}{\376\377\000D\000a\000t\000e}{subsection.4.3.2}% 55
\BOOKMARK [2][-]{subsection.4.3.3}{\376\377\000M\000e\000m\000b\000e\000r\000\040\000F\000u\000n\000c\000t\000i\000o\000n\000\040\000D\000o\000c\000u\000m\000e\000n\000t\000a\000t\000i\000o\000n}{section.4.3}% 56
\BOOKMARK [3][-]{subsubsection.4.3.3.1}{\376\377\000g\000e\000t\000V\000a\000l\000u\000e}{subsection.4.3.3}% 57
\BOOKMARK [3][-]{subsubsection.4.3.3.2}{\376\377\000i\000s\000V\000a\000l\000i\000d}{subsection.4.3.3}% 58
\BOOKMARK [3][-]{subsubsection.4.3.3.3}{\376\377\000n\000e\000x\000t\000D\000a\000t\000e}{subsection.4.3.3}% 59
\BOOKMARK [3][-]{subsubsection.4.3.3.4}{\376\377\000o\000p\000e\000r\000a\000t\000o\000r\000!\000=}{subsection.4.3.3}% 60
\BOOKMARK [3][-]{subsubsection.4.3.3.5}{\376\377\000o\000p\000e\000r\000a\000t\000o\000r\000=\000=}{subsection.4.3.3}% 61
\BOOKMARK [3][-]{subsubsection.4.3.3.6}{\376\377\000s\000e\000t\000V\000a\000l\000u\000e}{subsection.4.3.3}% 62
\BOOKMARK [2][-]{subsection.4.3.4}{\376\377\000M\000e\000m\000b\000e\000r\000\040\000D\000a\000t\000a\000\040\000D\000o\000c\000u\000m\000e\000n\000t\000a\000t\000i\000o\000n}{section.4.3}% 63
\BOOKMARK [3][-]{subsubsection.4.3.4.1}{\376\377\000d\000a\000t\000e}{subsection.4.3.4}% 64
\BOOKMARK [1][-]{section.4.4}{\376\377\000F\000i\000x\000t\000u\000r\000e\000B\000f\000c\000P\000r\000o\000t\000o\000t\000y\000p\000e\000\040\000C\000l\000a\000s\000s\000\040\000R\000e\000f\000e\000r\000e\000n\000c\000e}{chapter.4}% 65
\BOOKMARK [2][-]{subsection.4.4.1}{\376\377\000M\000e\000m\000b\000e\000r\000\040\000F\000u\000n\000c\000t\000i\000o\000n\000\040\000D\000o\000c\000u\000m\000e\000n\000t\000a\000t\000i\000o\000n}{section.4.4}% 66
\BOOKMARK [3][-]{subsubsection.4.4.1.1}{\376\377\000t\000e\000s\000t\000I\000n\000i\000t\000A\000n\000d\000G\000e\000t\000t\000e\000r\000s}{subsection.4.4.1}% 67
\BOOKMARK [3][-]{subsubsection.4.4.1.2}{\376\377\000t\000e\000s\000t\000R\000e\000a\000d\000S\000t\000a\000t\000e\000s}{subsection.4.4.1}% 68
\BOOKMARK [3][-]{subsubsection.4.4.1.3}{\376\377\000t\000e\000s\000t\000R\000e\000a\000d\000T\000a\000s\000k\000s}{subsection.4.4.1}% 69
\BOOKMARK [3][-]{subsubsection.4.4.1.4}{\376\377\000t\000e\000s\000t\000S\000e\000t\000t\000e\000r\000s}{subsection.4.4.1}% 70
\BOOKMARK [3][-]{subsubsection.4.4.1.5}{\376\377\000t\000e\000s\000t\000T\000a\000s\000k\000s\000G\000e\000t\000t\000e\000r}{subsection.4.4.1}% 71
\BOOKMARK [1][-]{section.4.5}{\376\377\000F\000i\000x\000t\000u\000r\000e\000B\000f\000c\000T\000U\000I\000\040\000C\000l\000a\000s\000s\000\040\000R\000e\000f\000e\000r\000e\000n\000c\000e}{chapter.4}% 72
\BOOKMARK [2][-]{subsection.4.5.1}{\376\377\000M\000e\000m\000b\000e\000r\000\040\000F\000u\000n\000c\000t\000i\000o\000n\000\040\000D\000o\000c\000u\000m\000e\000n\000t\000a\000t\000i\000o\000n}{section.4.5}% 73
\BOOKMARK [3][-]{subsubsection.4.5.1.1}{\376\377\000t\000e\000s\000t\000B\000r\000i\000e\000f\000R\000e\000p\000o\000r\000t}{subsection.4.5.1}% 74
\BOOKMARK [3][-]{subsubsection.4.5.1.2}{\376\377\000t\000e\000s\000t\000P\000r\000i\000n\000t\000D\000a\000y}{subsection.4.5.1}% 75
\BOOKMARK [3][-]{subsubsection.4.5.1.3}{\376\377\000t\000e\000s\000t\000S\000h\000o\000w\000R\000e\000c\000o\000r\000d}{subsection.4.5.1}% 76
\BOOKMARK [3][-]{subsubsection.4.5.1.4}{\376\377\000t\000e\000s\000t\000T\000i\000m\000e\000l\000i\000n\000e\000H\000o\000r}{subsection.4.5.1}% 77
\BOOKMARK [3][-]{subsubsection.4.5.1.5}{\376\377\000t\000e\000s\000t\000T\000i\000m\000e\000l\000i\000n\000e\000V\000e\000r}{subsection.4.5.1}% 78
\BOOKMARK [3][-]{subsubsection.4.5.1.6}{\376\377\000t\000e\000s\000t\000W\000r\000i\000t\000e\000R\000e\000c\000o\000r\000d}{subsection.4.5.1}% 79
\BOOKMARK [1][-]{section.4.6}{\376\377\000F\000i\000x\000t\000u\000r\000e\000D\000a\000t\000e\000\040\000C\000l\000a\000s\000s\000\040\000R\000e\000f\000e\000r\000e\000n\000c\000e}{chapter.4}% 80
\BOOKMARK [2][-]{subsection.4.6.1}{\376\377\000M\000e\000m\000b\000e\000r\000\040\000F\000u\000n\000c\000t\000i\000o\000n\000\040\000D\000o\000c\000u\000m\000e\000n\000t\000a\000t\000i\000o\000n}{section.4.6}% 81
\BOOKMARK [3][-]{subsubsection.4.6.1.1}{\376\377\000t\000e\000s\000t\000C\000o\000p\000y\000C\000o\000n\000s\000t\000r\000u\000c\000t\000o\000r}{subsection.4.6.1}% 82
\BOOKMARK [3][-]{subsubsection.4.6.1.2}{\376\377\000t\000e\000s\000t\000E\000q\000u\000i\000v\000a\000l\000e\000n\000t}{subsection.4.6.1}% 83
\BOOKMARK [3][-]{subsubsection.4.6.1.3}{\376\377\000t\000e\000s\000t\000G\000e\000t\000t\000e\000r}{subsection.4.6.1}% 84
\BOOKMARK [3][-]{subsubsection.4.6.1.4}{\376\377\000t\000e\000s\000t\000I\000s\000V\000a\000l\000i\000d}{subsection.4.6.1}% 85
\BOOKMARK [3][-]{subsubsection.4.6.1.5}{\376\377\000t\000e\000s\000t\000N\000e\000x\000t\000D\000a\000t\000e}{subsection.4.6.1}% 86
\BOOKMARK [3][-]{subsubsection.4.6.1.6}{\376\377\000t\000e\000s\000t\000P\000a\000r\000a\000C\000o\000n\000s\000t\000r\000u\000c\000t\000o\000r}{subsection.4.6.1}% 87
\BOOKMARK [3][-]{subsubsection.4.6.1.7}{\376\377\000t\000e\000s\000t\000S\000e\000t\000t\000e\000r}{subsection.4.6.1}% 88
\BOOKMARK [1][-]{section.4.7}{\376\377\000F\000i\000x\000t\000u\000r\000e\000S\000t\000a\000t\000e\000\040\000C\000l\000a\000s\000s\000\040\000R\000e\000f\000e\000r\000e\000n\000c\000e}{chapter.4}% 89
\BOOKMARK [2][-]{subsection.4.7.1}{\376\377\000M\000e\000m\000b\000e\000r\000\040\000F\000u\000n\000c\000t\000i\000o\000n\000\040\000D\000o\000c\000u\000m\000e\000n\000t\000a\000t\000i\000o\000n}{section.4.7}% 90
\BOOKMARK [3][-]{subsubsection.4.7.1.1}{\376\377\000t\000e\000s\000t\000C\000o\000n\000t\000e\000n\000t\000G\000e\000t\000t\000e\000r}{subsection.4.7.1}% 91
\BOOKMARK [3][-]{subsubsection.4.7.1.2}{\376\377\000t\000e\000s\000t\000C\000o\000n\000t\000e\000n\000t\000M\000e\000r\000g\000e}{subsection.4.7.1}% 92
\BOOKMARK [3][-]{subsubsection.4.7.1.3}{\376\377\000t\000e\000s\000t\000C\000o\000n\000t\000e\000n\000t\000S\000e\000t\000t\000e\000r}{subsection.4.7.1}% 93
\BOOKMARK [3][-]{subsubsection.4.7.1.4}{\376\377\000t\000e\000s\000t\000C\000o\000p\000y\000C\000o\000n\000s\000t\000r\000u\000c\000t\000o\000r}{subsection.4.7.1}% 94
\BOOKMARK [3][-]{subsubsection.4.7.1.5}{\376\377\000t\000e\000s\000t\000D\000a\000t\000e\000G\000e\000t\000t\000e\000r}{subsection.4.7.1}% 95
\BOOKMARK [3][-]{subsubsection.4.7.1.6}{\376\377\000t\000e\000s\000t\000D\000a\000t\000e\000S\000e\000t\000t\000e\000r}{subsection.4.7.1}% 96
\BOOKMARK [3][-]{subsubsection.4.7.1.7}{\376\377\000t\000e\000s\000t\000P\000a\000r\000a\000C\000o\000n\000s\000t\000r\000u\000c\000t\000o\000r}{subsection.4.7.1}% 97
\BOOKMARK [3][-]{subsubsection.4.7.1.8}{\376\377\000t\000e\000s\000t\000S\000t\000a\000t\000e\000M\000e\000r\000g\000e}{subsection.4.7.1}% 98
\BOOKMARK [1][-]{section.4.8}{\376\377\000F\000i\000x\000t\000u\000r\000e\000T\000a\000s\000k\000\040\000C\000l\000a\000s\000s\000\040\000R\000e\000f\000e\000r\000e\000n\000c\000e}{chapter.4}% 99
\BOOKMARK [2][-]{subsection.4.8.1}{\376\377\000M\000e\000m\000b\000e\000r\000\040\000F\000u\000n\000c\000t\000i\000o\000n\000\040\000D\000o\000c\000u\000m\000e\000n\000t\000a\000t\000i\000o\000n}{section.4.8}% 100
\BOOKMARK [3][-]{subsubsection.4.8.1.1}{\376\377\000t\000e\000s\000t\000C\000o\000p\000y\000C\000o\000n\000s\000t\000r\000u\000c\000t\000o\000r}{subsection.4.8.1}% 101
\BOOKMARK [3][-]{subsubsection.4.8.1.2}{\376\377\000t\000e\000s\000t\000P\000a\000r\000a\000C\000o\000n\000s\000t\000r\000u\000c\000t\000o\000r}{subsection.4.8.1}% 102
\BOOKMARK [3][-]{subsubsection.4.8.1.3}{\376\377\000t\000e\000s\000t\000S\000t\000a\000t\000e\000G\000e\000t\000t\000e\000r}{subsection.4.8.1}% 103
\BOOKMARK [3][-]{subsubsection.4.8.1.4}{\376\377\000t\000e\000s\000t\000S\000t\000a\000t\000e\000S\000e\000t\000t\000e\000r}{subsection.4.8.1}% 104
\BOOKMARK [3][-]{subsubsection.4.8.1.5}{\376\377\000t\000e\000s\000t\000S\000t\000a\000t\000u\000s\000G\000e\000t\000t\000e\000r}{subsection.4.8.1}% 105
\BOOKMARK [3][-]{subsubsection.4.8.1.6}{\376\377\000t\000e\000s\000t\000S\000t\000a\000t\000u\000s\000S\000e\000t\000t\000e\000r}{subsection.4.8.1}% 106
\BOOKMARK [3][-]{subsubsection.4.8.1.7}{\376\377\000t\000e\000s\000t\000T\000a\000s\000k\000N\000a\000m\000e\000G\000e\000t\000t\000e\000r}{subsection.4.8.1}% 107
\BOOKMARK [3][-]{subsubsection.4.8.1.8}{\376\377\000t\000e\000s\000t\000T\000a\000s\000k\000N\000a\000m\000e\000S\000e\000t\000t\000e\000r}{subsection.4.8.1}% 108
\BOOKMARK [1][-]{section.4.9}{\376\377\000S\000t\000a\000t\000e\000\040\000C\000l\000a\000s\000s\000\040\000R\000e\000f\000e\000r\000e\000n\000c\000e}{chapter.4}% 109
\BOOKMARK [2][-]{subsection.4.9.1}{\376\377\000D\000e\000t\000a\000i\000l\000e\000d\000\040\000D\000e\000s\000c\000r\000i\000p\000t\000i\000o\000n}{section.4.9}% 110
\BOOKMARK [2][-]{subsection.4.9.2}{\376\377\000C\000o\000n\000s\000t\000r\000u\000c\000t\000o\000r\000\040\000\046\000\040\000D\000e\000s\000t\000r\000u\000c\000t\000o\000r\000\040\000D\000o\000c\000u\000m\000e\000n\000t\000a\000t\000i\000o\000n}{section.4.9}% 111
\BOOKMARK [3][-]{subsubsection.4.9.2.1}{\376\377\000S\000t\000a\000t\000e}{subsection.4.9.2}% 112
\BOOKMARK [3][-]{subsubsection.4.9.2.2}{\376\377\000S\000t\000a\000t\000e}{subsection.4.9.2}% 113
\BOOKMARK [3][-]{subsubsection.4.9.2.3}{\376\377\000S\000t\000a\000t\000e}{subsection.4.9.2}% 114
\BOOKMARK [3][-]{subsubsection.4.9.2.4}{\376\377\000S\000t\000a\000t\000e}{subsection.4.9.2}% 115
\BOOKMARK [2][-]{subsection.4.9.3}{\376\377\000M\000e\000m\000b\000e\000r\000\040\000F\000u\000n\000c\000t\000i\000o\000n\000\040\000D\000o\000c\000u\000m\000e\000n\000t\000a\000t\000i\000o\000n}{section.4.9}% 116
\BOOKMARK [3][-]{subsubsection.4.9.3.1}{\376\377\000g\000e\000t\000C\000o\000n\000t\000e\000n\000t}{subsection.4.9.3}% 117
\BOOKMARK [3][-]{subsubsection.4.9.3.2}{\376\377\000g\000e\000t\000D\000a\000t\000e}{subsection.4.9.3}% 118
\BOOKMARK [3][-]{subsubsection.4.9.3.3}{\376\377\000m\000e\000r\000g\000e}{subsection.4.9.3}% 119
\BOOKMARK [3][-]{subsubsection.4.9.3.4}{\376\377\000m\000e\000r\000g\000e}{subsection.4.9.3}% 120
\BOOKMARK [3][-]{subsubsection.4.9.3.5}{\376\377\000s\000e\000t\000C\000o\000n\000t\000e\000n\000t}{subsection.4.9.3}% 121
\BOOKMARK [3][-]{subsubsection.4.9.3.6}{\376\377\000s\000e\000t\000D\000a\000t\000e}{subsection.4.9.3}% 122
\BOOKMARK [2][-]{subsection.4.9.4}{\376\377\000M\000e\000m\000b\000e\000r\000\040\000D\000a\000t\000a\000\040\000D\000o\000c\000u\000m\000e\000n\000t\000a\000t\000i\000o\000n}{section.4.9}% 123
\BOOKMARK [3][-]{subsubsection.4.9.4.1}{\376\377\000c\000o\000n\000t\000e\000n\000t}{subsection.4.9.4}% 124
\BOOKMARK [3][-]{subsubsection.4.9.4.2}{\376\377\000d\000a\000t\000e}{subsection.4.9.4}% 125
\BOOKMARK [1][-]{section.4.10}{\376\377\000T\000a\000s\000k\000\040\000C\000l\000a\000s\000s\000\040\000R\000e\000f\000e\000r\000e\000n\000c\000e}{chapter.4}% 126
\BOOKMARK [2][-]{subsection.4.10.1}{\376\377\000D\000e\000t\000a\000i\000l\000e\000d\000\040\000D\000e\000s\000c\000r\000i\000p\000t\000i\000o\000n}{section.4.10}% 127
\BOOKMARK [2][-]{subsection.4.10.2}{\376\377\000C\000o\000n\000s\000t\000r\000u\000c\000t\000o\000r\000\040\000\046\000\040\000D\000e\000s\000t\000r\000u\000c\000t\000o\000r\000\040\000D\000o\000c\000u\000m\000e\000n\000t\000a\000t\000i\000o\000n}{section.4.10}% 128
\BOOKMARK [3][-]{subsubsection.4.10.2.1}{\376\377\000T\000a\000s\000k}{subsection.4.10.2}% 129
\BOOKMARK [3][-]{subsubsection.4.10.2.2}{\376\377\000T\000a\000s\000k}{subsection.4.10.2}% 130
\BOOKMARK [3][-]{subsubsection.4.10.2.3}{\376\377\000T\000a\000s\000k}{subsection.4.10.2}% 131
\BOOKMARK [3][-]{subsubsection.4.10.2.4}{\376\377\000T\000a\000s\000k}{subsection.4.10.2}% 132
\BOOKMARK [2][-]{subsection.4.10.3}{\376\377\000M\000e\000m\000b\000e\000r\000\040\000F\000u\000n\000c\000t\000i\000o\000n\000\040\000D\000o\000c\000u\000m\000e\000n\000t\000a\000t\000i\000o\000n}{section.4.10}% 133
\BOOKMARK [3][-]{subsubsection.4.10.3.1}{\376\377\000g\000e\000t\000S\000t\000a\000t\000e\000s}{subsection.4.10.3}% 134
\BOOKMARK [3][-]{subsubsection.4.10.3.2}{\376\377\000g\000e\000t\000S\000t\000a\000t\000u\000s}{subsection.4.10.3}% 135
\BOOKMARK [3][-]{subsubsection.4.10.3.3}{\376\377\000g\000e\000t\000T\000a\000s\000k\000N\000a\000m\000e}{subsection.4.10.3}% 136
\BOOKMARK [3][-]{subsubsection.4.10.3.4}{\376\377\000s\000e\000t\000S\000t\000a\000t\000e\000s}{subsection.4.10.3}% 137
\BOOKMARK [3][-]{subsubsection.4.10.3.5}{\376\377\000s\000e\000t\000S\000t\000a\000t\000u\000s}{subsection.4.10.3}% 138
\BOOKMARK [3][-]{subsubsection.4.10.3.6}{\376\377\000s\000e\000t\000T\000a\000s\000k\000N\000a\000m\000e}{subsection.4.10.3}% 139
\BOOKMARK [2][-]{subsection.4.10.4}{\376\377\000M\000e\000m\000b\000e\000r\000\040\000D\000a\000t\000a\000\040\000D\000o\000c\000u\000m\000e\000n\000t\000a\000t\000i\000o\000n}{section.4.10}% 140
\BOOKMARK [3][-]{subsubsection.4.10.4.1}{\376\377\000s\000t\000a\000t\000e\000s}{subsection.4.10.4}% 141
\BOOKMARK [3][-]{subsubsection.4.10.4.2}{\376\377\000t\000a\000s\000k\000N\000a\000m\000e}{subsection.4.10.4}% 142
\BOOKMARK [0][-]{chapter.5}{\376\377\000F\000i\000l\000e\000\040\000D\000o\000c\000u\000m\000e\000n\000t\000a\000t\000i\000o\000n}{}% 143
\BOOKMARK [1][-]{section.5.1}{\376\377\000B\000f\000c\000P\000r\000o\000t\000o\000t\000y\000p\000e\000.\000c\000c\000\040\000F\000i\000l\000e\000\040\000R\000e\000f\000e\000r\000e\000n\000c\000e}{chapter.5}% 144
\BOOKMARK [2][-]{subsection.5.1.1}{\376\377\000D\000e\000t\000a\000i\000l\000e\000d\000\040\000D\000e\000s\000c\000r\000i\000p\000t\000i\000o\000n}{section.5.1}% 145
\BOOKMARK [1][-]{section.5.2}{\376\377\000B\000f\000c\000P\000r\000o\000t\000o\000t\000y\000p\000e\000.\000h\000\040\000F\000i\000l\000e\000\040\000R\000e\000f\000e\000r\000e\000n\000c\000e}{chapter.5}% 146
\BOOKMARK [2][-]{subsection.5.2.1}{\376\377\000D\000e\000t\000a\000i\000l\000e\000d\000\040\000D\000e\000s\000c\000r\000i\000p\000t\000i\000o\000n}{section.5.2}% 147
\BOOKMARK [1][-]{section.5.3}{\376\377\000B\000f\000c\000T\000U\000I\000.\000c\000c\000\040\000F\000i\000l\000e\000\040\000R\000e\000f\000e\000r\000e\000n\000c\000e}{chapter.5}% 148
\BOOKMARK [2][-]{subsection.5.3.1}{\376\377\000D\000e\000t\000a\000i\000l\000e\000d\000\040\000D\000e\000s\000c\000r\000i\000p\000t\000i\000o\000n}{section.5.3}% 149
\BOOKMARK [1][-]{section.5.4}{\376\377\000B\000f\000c\000T\000U\000I\000.\000h\000\040\000F\000i\000l\000e\000\040\000R\000e\000f\000e\000r\000e\000n\000c\000e}{chapter.5}% 150
\BOOKMARK [2][-]{subsection.5.4.1}{\376\377\000D\000e\000t\000a\000i\000l\000e\000d\000\040\000D\000e\000s\000c\000r\000i\000p\000t\000i\000o\000n}{section.5.4}% 151
\BOOKMARK [1][-]{section.5.5}{\376\377\000D\000a\000t\000e\000.\000c\000c\000\040\000F\000i\000l\000e\000\040\000R\000e\000f\000e\000r\000e\000n\000c\000e}{chapter.5}% 152
\BOOKMARK [2][-]{subsection.5.5.1}{\376\377\000D\000e\000t\000a\000i\000l\000e\000d\000\040\000D\000e\000s\000c\000r\000i\000p\000t\000i\000o\000n}{section.5.5}% 153
\BOOKMARK [1][-]{section.5.6}{\376\377\000D\000a\000t\000e\000.\000h\000\040\000F\000i\000l\000e\000\040\000R\000e\000f\000e\000r\000e\000n\000c\000e}{chapter.5}% 154
\BOOKMARK [2][-]{subsection.5.6.1}{\376\377\000D\000e\000t\000a\000i\000l\000e\000d\000\040\000D\000e\000s\000c\000r\000i\000p\000t\000i\000o\000n}{section.5.6}% 155
\BOOKMARK [1][-]{section.5.7}{\376\377\000F\000i\000x\000t\000u\000r\000e\000B\000f\000c\000P\000r\000o\000t\000o\000t\000y\000p\000e\000.\000h\000\040\000F\000i\000l\000e\000\040\000R\000e\000f\000e\000r\000e\000n\000c\000e}{chapter.5}% 156
\BOOKMARK [2][-]{subsection.5.7.1}{\376\377\000D\000e\000t\000a\000i\000l\000e\000d\000\040\000D\000e\000s\000c\000r\000i\000p\000t\000i\000o\000n}{section.5.7}% 157
\BOOKMARK [1][-]{section.5.8}{\376\377\000F\000i\000x\000t\000u\000r\000e\000B\000f\000c\000T\000U\000I\000.\000h\000\040\000F\000i\000l\000e\000\040\000R\000e\000f\000e\000r\000e\000n\000c\000e}{chapter.5}% 158
\BOOKMARK [2][-]{subsection.5.8.1}{\376\377\000D\000e\000t\000a\000i\000l\000e\000d\000\040\000D\000e\000s\000c\000r\000i\000p\000t\000i\000o\000n}{section.5.8}% 159
\BOOKMARK [1][-]{section.5.9}{\376\377\000F\000i\000x\000t\000u\000r\000e\000D\000a\000t\000e\000.\000h\000\040\000F\000i\000l\000e\000\040\000R\000e\000f\000e\000r\000e\000n\000c\000e}{chapter.5}% 160
\BOOKMARK [2][-]{subsection.5.9.1}{\376\377\000D\000e\000t\000a\000i\000l\000e\000d\000\040\000D\000e\000s\000c\000r\000i\000p\000t\000i\000o\000n}{section.5.9}% 161
\BOOKMARK [1][-]{section.5.10}{\376\377\000F\000i\000x\000t\000u\000r\000e\000S\000t\000a\000t\000e\000.\000h\000\040\000F\000i\000l\000e\000\040\000R\000e\000f\000e\000r\000e\000n\000c\000e}{chapter.5}% 162
\BOOKMARK [2][-]{subsection.5.10.1}{\376\377\000D\000e\000t\000a\000i\000l\000e\000d\000\040\000D\000e\000s\000c\000r\000i\000p\000t\000i\000o\000n}{section.5.10}% 163
\BOOKMARK [1][-]{section.5.11}{\376\377\000F\000i\000x\000t\000u\000r\000e\000T\000a\000s\000k\000.\000h\000\040\000F\000i\000l\000e\000\040\000R\000e\000f\000e\000r\000e\000n\000c\000e}{chapter.5}% 164
\BOOKMARK [2][-]{subsection.5.11.1}{\376\377\000D\000e\000t\000a\000i\000l\000e\000d\000\040\000D\000e\000s\000c\000r\000i\000p\000t\000i\000o\000n}{section.5.11}% 165
\BOOKMARK [1][-]{section.5.12}{\376\377\000S\000t\000a\000t\000e\000.\000c\000c\000\040\000F\000i\000l\000e\000\040\000R\000e\000f\000e\000r\000e\000n\000c\000e}{chapter.5}% 166
\BOOKMARK [2][-]{subsection.5.12.1}{\376\377\000D\000e\000t\000a\000i\000l\000e\000d\000\040\000D\000e\000s\000c\000r\000i\000p\000t\000i\000o\000n}{section.5.12}% 167
\BOOKMARK [1][-]{section.5.13}{\376\377\000S\000t\000a\000t\000e\000.\000h\000\040\000F\000i\000l\000e\000\040\000R\000e\000f\000e\000r\000e\000n\000c\000e}{chapter.5}% 168
\BOOKMARK [2][-]{subsection.5.13.1}{\376\377\000D\000e\000t\000a\000i\000l\000e\000d\000\040\000D\000e\000s\000c\000r\000i\000p\000t\000i\000o\000n}{section.5.13}% 169
\BOOKMARK [1][-]{section.5.14}{\376\377\000T\000a\000s\000k\000.\000c\000c\000\040\000F\000i\000l\000e\000\040\000R\000e\000f\000e\000r\000e\000n\000c\000e}{chapter.5}% 170
\BOOKMARK [2][-]{subsection.5.14.1}{\376\377\000D\000e\000t\000a\000i\000l\000e\000d\000\040\000D\000e\000s\000c\000r\000i\000p\000t\000i\000o\000n}{section.5.14}% 171
\BOOKMARK [1][-]{section.5.15}{\376\377\000T\000a\000s\000k\000.\000h\000\040\000F\000i\000l\000e\000\040\000R\000e\000f\000e\000r\000e\000n\000c\000e}{chapter.5}% 172
\BOOKMARK [2][-]{subsection.5.15.1}{\376\377\000D\000e\000t\000a\000i\000l\000e\000d\000\040\000D\000e\000s\000c\000r\000i\000p\000t\000i\000o\000n}{section.5.15}% 173
\BOOKMARK [1][-]{section.5.16}{\376\377\000T\000e\000s\000t\000D\000a\000t\000e\000.\000c\000c\000\040\000F\000i\000l\000e\000\040\000R\000e\000f\000e\000r\000e\000n\000c\000e}{chapter.5}% 174
\BOOKMARK [2][-]{subsection.5.16.1}{\376\377\000D\000e\000t\000a\000i\000l\000e\000d\000\040\000D\000e\000s\000c\000r\000i\000p\000t\000i\000o\000n}{section.5.16}% 175
\BOOKMARK [1][-]{section.5.17}{\376\377\000T\000e\000s\000t\000S\000t\000a\000t\000e\000.\000c\000c\000\040\000F\000i\000l\000e\000\040\000R\000e\000f\000e\000r\000e\000n\000c\000e}{chapter.5}% 176
\BOOKMARK [2][-]{subsection.5.17.1}{\376\377\000D\000e\000t\000a\000i\000l\000e\000d\000\040\000D\000e\000s\000c\000r\000i\000p\000t\000i\000o\000n}{section.5.17}% 177
\BOOKMARK [1][-]{section.5.18}{\376\377\000T\000e\000s\000t\000T\000a\000s\000k\000.\000c\000c\000\040\000F\000i\000l\000e\000\040\000R\000e\000f\000e\000r\000e\000n\000c\000e}{chapter.5}% 178
\BOOKMARK [2][-]{subsection.5.18.1}{\376\377\000D\000e\000t\000a\000i\000l\000e\000d\000\040\000D\000e\000s\000c\000r\000i\000p\000t\000i\000o\000n}{section.5.18}% 179
\BOOKMARK [0][-]{section*.38}{\376\377\000I\000n\000d\000e\000x}{}% 180
